Arguments: 
  C:\Program Files\nodejs\node.exe C:\Users\fanbo\AppData\Roaming\npm\node_modules\yarn\bin\yarn.js add sass

PATH: 
  C:\Users\fanbo\bin;C:\Program Files\Git\mingw64\bin;C:\Program Files\Git\usr\local\bin;C:\Program Files\Git\usr\bin;C:\Program Files\Git\usr\bin;C:\Program Files\Git\mingw64\bin;C:\Program Files\Git\usr\bin;C:\Users\fanbo\bin;C:\Program Files\Microsoft\jdk-17.0.10.7-hotspot\bin;C:\Program Files (x86)\Common Files\Oracle\Java\javapath;C:\WINDOWS\system32;C:\WINDOWS;C:\WINDOWS\System32\Wbem;C:\WINDOWS\System32\WindowsPowerShell\v1.0;C:\WINDOWS\System32\OpenSSH;C:\Program Files\Microsoft SQL Server\Client SDK\ODBC\170\Tools\Binn;C:\Program Files (x86)\Microsoft SQL Server\150\Tools\Binn;C:\Program Files\Microsoft SQL Server\150\Tools\Binn;C:\Program Files\Microsoft SQL Server\150\DTS\Binn;C:\Program Files\Git\cmd;C:\Program Files (x86)\Common Files\Acronis\SnapAPI;C:\Users\fanbo\AppData\Roaming\nvm;C:\Program Files\nodejs;C:\Program Files\NVIDIA Corporation\NVIDIA NvDLISR;C:\Program Files (x86)\NVIDIA Corporation\PhysX\Common;C:\ProgramData\chocolatey\bin;C:\Program Files\nodejs;C:\Program Files\MySQL\MySQL Shell 8.0\bin;C:\Users\fanbo\AppData\Local\Microsoft\WindowsApps;C:\Users\fanbo\AppData\Local\Programs\Microsoft VS Code\bin;C:\Users\fanbo\AppData\Roaming\nvm;C:\Program Files\nodejs;C:\Users\fanbo\AppData\Local\Programs\mongosh;C:\Users\fanbo\AppData\Roaming\npm;C:\Program Files\Git\usr\bin\vendor_perl;C:\Program Files\Git\usr\bin\core_perl

Yarn version: 
  1.22.19

Node version: 
  20.12.0

Platform: 
  win32 x64

Trace: 
  Error: EPERM: operation not permitted, unlink 'H:\PROJECTS\NEXTJS\coffe-street\node_modules\@next\swc-win32-x64-msvc\next-swc.win32-x64-msvc.node'

npm manifest: 
  {
    "name": "coffe-street",
    "version": "0.1.0",
    "private": true,
    "scripts": {
      "dev": "next dev --turbopack",
      "build": "next build",
      "start": "next start",
      "lint": "next lint"
    },
    "dependencies": {
      "react": "19.0.0-rc-66855b96-20241106",
      "react-dom": "19.0.0-rc-66855b96-20241106",
      "next": "15.0.3"
    },
    "devDependencies": {
      "typescript": "^5",
      "@types/node": "^20",
      "@types/react": "^18",
      "@types/react-dom": "^18",
      "postcss": "^8",
      "tailwindcss": "^3.4.1",
      "eslint": "^8",
      "eslint-config-next": "15.0.3"
    }
  }

yarn manifest: 
  No manifest

Lockfile: 
  No lockfile
